<?xml version="1.0" encoding="UTF-8"?>
<!-- Generated by org.testng.reporters.JUnitReportReporter -->
<testsuite hostname="DESKTOP-IB7LD9H" failures="0" tests="1" name="QAMaven.UTTest" time="8.610" errors="0" timestamp="2022-10-18T11:10:11 GMT-04:00" skipped="0">
  <testcase classname="QAMaven.UTTest" name="stratBrowser" time="8.610"/>
  <system-out/>
</testsuite> <!-- QAMaven.UTTest -->
