<?xml version="1.0" encoding="UTF-8"?>
<!-- Generated by org.testng.reporters.JUnitReportReporter -->
<testsuite hostname="DESKTOP-IB7LD9H" failures="0" tests="1" name="QAMaven.AppTest" time="0.003" errors="0" timestamp="2022-10-18T11:10:11 GMT-04:00" skipped="0">
  <testcase classname="QAMaven.AppTest" name="testApp" time="0.003"/>
  <system-out/>
</testsuite> <!-- QAMaven.AppTest -->
